======================================================================
  RUN : fix runs.json 1
  DATE: *
  HOST: erfan
  GPU : *
  PY  : 3.13.12
  FW  : PyTorch  2.9.1+cu126
======================================================================

Classes: ['NORMAL', 'PNEUMONIA']
Class weights: [1.94429825 0.67309444]

============================================================
PHASE 1: Training FC layer only (lr=1e-3)
============================================================


  0%|                                                                                                                     | 0/10 [00:00<?, ?it/s]
Epoch 1/10
Train Loss: 0.3969, Train AUC: 0.9015
Val Loss: 0.2030, Val AUC: 0.9726

 10%|##########9                                                                                                  | 1/10 [01:31<13:43, 91.54s/it]
Epoch 2/10
Train Loss: 0.2961, Train AUC: 0.9465
Val Loss: 0.2267, Val AUC: 0.9764

 20%|#####################8                                                                                       | 2/10 [03:03<12:14, 91.85s/it]
Epoch 3/10
Train Loss: 0.2714, Train AUC: 0.9551
Val Loss: 0.2731, Val AUC: 0.9780

 30%|################################6                                                                            | 3/10 [04:37<10:48, 92.66s/it]
Epoch 4/10
Train Loss: 0.2550, Train AUC: 0.9604
Val Loss: 0.2929, Val AUC: 0.9816

 40%|###########################################6                                                                 | 4/10 [06:08<09:13, 92.29s/it]
Epoch 5/10
Train Loss: 0.2288, Train AUC: 0.9685
Val Loss: 0.2911, Val AUC: 0.9799

 50%|######################################################5                                                      | 5/10 [07:39<07:38, 91.69s/it]
Epoch 6/10
Train Loss: 0.2199, Train AUC: 0.9704
Val Loss: 0.2402, Val AUC: 0.9811
Early stopping at epoch 6

 50%|######################################################                                                      | 5/10 [09:09<09:09, 109.88s/it]

============================================================
PHASE 2: Fine-tuning layer3, layer4, fc (lr=1e-5)
============================================================

Unfroze layer3, layer4, fc — fine-tuning with lr=1e-5

  0%|                                                                                                                     | 0/10 [00:00<?, ?it/s]
Epoch 1/10
Train Loss: 0.1409, Train AUC: 0.9880
Val Loss: 0.2192, Val AUC: 0.9932

 10%|##########9                                                                                                  | 1/10 [01:35<14:20, 95.64s/it]
Epoch 2/10
Train Loss: 0.1031, Train AUC: 0.9934
Val Loss: 0.1448, Val AUC: 0.9953

 20%|#####################8                                                                                       | 2/10 [03:11<12:44, 95.56s/it]
Epoch 3/10
Train Loss: 0.0876, Train AUC: 0.9959
Val Loss: 0.1211, Val AUC: 0.9968

 30%|################################6                                                                            | 3/10 [04:46<11:07, 95.33s/it]
Epoch 4/10
Train Loss: 0.0811, Train AUC: 0.9960
Val Loss: 0.1008, Val AUC: 0.9970

 40%|###########################################6                                                                 | 4/10 [06:21<09:31, 95.32s/it]
Epoch 5/10
Train Loss: 0.0951, Train AUC: 0.9961
Val Loss: 0.1253, Val AUC: 0.9971

 50%|######################################################5                                                      | 5/10 [07:57<07:56, 95.39s/it]
Epoch 6/10
Train Loss: 0.0566, Train AUC: 0.9984
Val Loss: 0.1317, Val AUC: 0.9974

 60%|#################################################################3                                           | 6/10 [09:30<06:18, 94.70s/it]
Epoch 7/10
Train Loss: 0.0625, Train AUC: 0.9979
Val Loss: 0.0832, Val AUC: 0.9973

 70%|############################################################################3                                | 7/10 [11:03<04:42, 94.17s/it]
Epoch 8/10
Train Loss: 0.0355, Train AUC: 0.9992
Val Loss: 0.0964, Val AUC: 0.9976

 80%|#######################################################################################2                     | 8/10 [12:37<03:08, 94.17s/it]
Epoch 9/10
Train Loss: 0.0407, Train AUC: 0.9990
Val Loss: 0.1020, Val AUC: 0.9977

 90%|##################################################################################################1          | 9/10 [14:13<01:34, 94.62s/it]
Epoch 10/10
Train Loss: 0.0309, Train AUC: 0.9995
Val Loss: 0.1168, Val AUC: 0.9977

100%|############################################################################################################| 10/10 [15:48<00:00, 94.72s/it]
100%|############################################################################################################| 10/10 [15:48<00:00, 94.82s/it]

============================================================
RUNNING FINAL TEST EVALUATION
============================================================
✅ Epoch history saved to models/model2_resnet152_history.json

==================================================
FALSE POSITIVE ANALYSIS
==================================================
Number of False Positives: 38
Min Probability : 0.9836
Mean Probability: 0.9954
Max Probability : 1.0000

Top False Positive Probabilities:
 1. 1.0000
 2. 1.0000
 3. 1.0000
 4. 1.0000
 5. 1.0000
 6. 1.0000
 7. 0.9999
 8. 0.9999
 9. 0.9999
10. 0.9999

==================================================
TEST RESULTS (Threshold = 0.98)
==================================================
Test Loss: 0.5689
Test Accuracy: 0.9215
Test AUC: 0.9752

Detailed Classification Report:
              precision    recall  f1-score   support

      NORMAL       0.95      0.84      0.89       234
   PNEUMONIA       0.91      0.97      0.94       390

    accuracy                           0.92       624
   macro avg       0.93      0.90      0.91       624
weighted avg       0.92      0.92      0.92       624


Confusion Matrix:
[[196  38]
 [ 11 379]]
==================================================

📊 Epoch history summary:
   Total epochs recorded: 16
   Phase 1 epochs: 6
   Phase 2 epochs: 10

✅  Run #12 — 'fix runs.json 1' saved.

📊  Generating diagnostic plots for 'fix runs.json 1' …
   saved → results_log\plots\diagnostic_summary_fix_runs.json_1.png
📊  Updating cross-run comparison chart …
   saved → results_log\plots\comparison_all_runs.png

======================================================================
  LOG CLOSED: 2026-07-07 19:46:20
======================================================================
